2026-04-01 11:16:38 | INFO     | main | ==================================================
2026-04-01 11:16:38 | INFO     | main | ==================================================
2026-04-01 11:16:38 | INFO     | main | 投资账本后端服务启动中...
2026-04-01 11:16:38 | INFO     | main | 投资账本后端服务启动中...
2026-04-01 11:16:38 | INFO     | main | 数据库: localhost:3306/investment_ledger
2026-04-01 11:16:38 | INFO     | main | 数据库: localhost:3306/investment_ledger
2026-04-01 11:16:38 | INFO     | app.core.database | 数据库表初始化完成
2026-04-01 11:16:38 | INFO     | app.core.database | 数据库表初始化完成
2026-04-01 11:16:38 | WARNING  | passlib.handlers.bcrypt | (trapped) error reading bcrypt version
Traceback (most recent call last):
  File "/usr/local/lib/python3.10/dist-packages/passlib/handlers/bcrypt.py", line 620, in _load_backend_mixin
    version = _bcrypt.__about__.__version__
AttributeError: module 'bcrypt' has no attribute '__about__'
2026-04-01 11:16:38 | WARNING  | passlib.handlers.bcrypt | (trapped) error reading bcrypt version
Traceback (most recent call last):
  File "/usr/local/lib/python3.10/dist-packages/passlib/handlers/bcrypt.py", line 620, in _load_backend_mixin
    version = _bcrypt.__about__.__version__
AttributeError: module 'bcrypt' has no attribute '__about__'
2026-04-01 11:16:58 | INFO     | main | ==================================================
2026-04-01 11:16:58 | INFO     | main | ==================================================
2026-04-01 11:16:58 | INFO     | main | 投资账本后端服务启动中...
2026-04-01 11:16:58 | INFO     | main | 投资账本后端服务启动中...
2026-04-01 11:16:58 | INFO     | main | 数据库: localhost:3306/investment_ledger
2026-04-01 11:16:58 | INFO     | main | 数据库: localhost:3306/investment_ledger
2026-04-01 11:16:58 | INFO     | app.core.database | 数据库表初始化完成
2026-04-01 11:16:58 | INFO     | app.core.database | 数据库表初始化完成
2026-04-01 11:16:59 | INFO     | main | 已创建默认用户: admin/admin
2026-04-01 11:16:59 | INFO     | main | 已创建默认用户: admin/admin
2026-04-01 11:16:59 | INFO     | main | 服务地址: http://0.0.0.0:8000
2026-04-01 11:16:59 | INFO     | main | 服务地址: http://0.0.0.0:8000
2026-04-01 11:16:59 | INFO     | main | 启动完成
2026-04-01 11:16:59 | INFO     | main | 启动完成
2026-04-01 11:22:02 | INFO     | app.api.auth | 用户登录成功: admin
2026-04-01 11:22:02 | INFO     | app.api.auth | 用户登录成功: admin
2026-04-01 11:23:11 | INFO     | app.api.auth | 用户登录成功: admin
2026-04-01 11:23:11 | INFO     | app.api.auth | 用户登录成功: admin
2026-04-01 11:23:11 | INFO     | app.api.holdings | 用户 admin 添加持仓: 600519
2026-04-01 11:23:11 | INFO     | app.api.holdings | 用户 admin 添加持仓: 600519
2026-04-01 11:23:11 | INFO     | app.api.settings | 用户 admin 更新设置
2026-04-01 11:23:11 | INFO     | app.api.settings | 用户 admin 更新设置
